{"/home/ebert/Documents/Projects/github/gobarber/mobile/src/components/Button/index.tsx": {"path":"/home/ebert/Documents/Projects/github/gobarber/mobile/src/components/Button/index.tsx","statementMap":{"0":{"start":{"line":10,"column":38},"end":{"line":16,"column":1}},"1":{"start":{"line":11,"column":2},"end":{"line":15,"column":4}}},"fnMap":{"0":{"name":"(anonymous_0)","decl":{"start":{"line":10,"column":38},"end":{"line":10,"column":39}},"loc":{"start":{"line":10,"column":65},"end":{"line":16,"column":1}},"line":10}},"branchMap":{},"s":{"0":1,"1":1},"f":{"0":1},"b":{},"_coverageSchema":"1a1c01bbd47fc00a2c39e90264f33305004495a9","hash":"5e3f990179651acc1ef2bf2cafc949122098192e"}
,"/home/ebert/Documents/Projects/github/gobarber/mobile/src/components/Input/index.tsx": {"path":"/home/ebert/Documents/Projects/github/gobarber/mobile/src/components/Input/index.tsx","statementMap":{"0":{"start":{"line":28,"column":66},"end":{"line":94,"column":1}},"1":{"start":{"line":32,"column":26},"end":{"line":32,"column":43}},"2":{"start":{"line":34,"column":65},"end":{"line":34,"column":79}},"3":{"start":{"line":35,"column":24},"end":{"line":35,"column":76}},"4":{"start":{"line":37,"column":36},"end":{"line":37,"column":51}},"5":{"start":{"line":38,"column":34},"end":{"line":38,"column":49}},"6":{"start":{"line":40,"column":27},"end":{"line":42,"column":20}},"7":{"start":{"line":41,"column":4},"end":{"line":41,"column":23}},"8":{"start":{"line":44,"column":26},"end":{"line":48,"column":20}},"9":{"start":{"line":45,"column":4},"end":{"line":45,"column":24}},"10":{"start":{"line":47,"column":4},"end":{"line":47,"column":47}},"11":{"start":{"line":50,"column":2},"end":{"line":54,"column":6}},"12":{"start":{"line":50,"column":34},"end":{"line":54,"column":3}},"13":{"start":{"line":52,"column":6},"end":{"line":52,"column":38}},"14":{"start":{"line":56,"column":2},"end":{"line":70,"column":33}},"15":{"start":{"line":57,"column":4},"end":{"line":69,"column":7}},"16":{"start":{"line":62,"column":8},"end":{"line":62,"column":44}},"17":{"start":{"line":63,"column":8},"end":{"line":63,"column":64}},"18":{"start":{"line":66,"column":8},"end":{"line":66,"column":41}},"19":{"start":{"line":67,"column":8},"end":{"line":67,"column":40}},"20":{"start":{"line":72,"column":2},"end":{"line":93,"column":4}},"21":{"start":{"line":88,"column":10},"end":{"line":88,"column":46}}},"fnMap":{"0":{"name":"(anonymous_0)","decl":{"start":{"line":28,"column":66},"end":{"line":28,"column":67}},"loc":{"start":{"line":31,"column":5},"end":{"line":94,"column":1}},"line":31},"1":{"name":"(anonymous_1)","decl":{"start":{"line":40,"column":39},"end":{"line":40,"column":40}},"loc":{"start":{"line":40,"column":45},"end":{"line":42,"column":3}},"line":40},"2":{"name":"(anonymous_2)","decl":{"start":{"line":44,"column":38},"end":{"line":44,"column":39}},"loc":{"start":{"line":44,"column":44},"end":{"line":48,"column":3}},"line":44},"3":{"name":"(anonymous_3)","decl":{"start":{"line":50,"column":27},"end":{"line":50,"column":28}},"loc":{"start":{"line":50,"column":34},"end":{"line":54,"column":3}},"line":50},"4":{"name":"(anonymous_4)","decl":{"start":{"line":51,"column":4},"end":{"line":51,"column":5}},"loc":{"start":{"line":51,"column":12},"end":{"line":53,"column":5}},"line":51},"5":{"name":"(anonymous_5)","decl":{"start":{"line":56,"column":12},"end":{"line":56,"column":13}},"loc":{"start":{"line":56,"column":18},"end":{"line":70,"column":3}},"line":56},"6":{"name":"(anonymous_6)","decl":{"start":{"line":61,"column":6},"end":{"line":61,"column":7}},"loc":{"start":{"line":61,"column":32},"end":{"line":64,"column":7}},"line":61},"7":{"name":"(anonymous_7)","decl":{"start":{"line":65,"column":6},"end":{"line":65,"column":7}},"loc":{"start":{"line":65,"column":19},"end":{"line":68,"column":7}},"line":65},"8":{"name":"(anonymous_8)","decl":{"start":{"line":87,"column":22},"end":{"line":87,"column":23}},"loc":{"start":{"line":87,"column":31},"end":{"line":89,"column":9}},"line":87}},"branchMap":{"0":{"loc":{"start":{"line":29,"column":16},"end":{"line":29,"column":35}},"type":"default-arg","locations":[{"start":{"line":29,"column":33},"end":{"line":29,"column":35}}],"line":29},"1":{"loc":{"start":{"line":34,"column":25},"end":{"line":34,"column":42}},"type":"default-arg","locations":[{"start":{"line":34,"column":40},"end":{"line":34,"column":42}}],"line":34},"2":{"loc":{"start":{"line":77,"column":15},"end":{"line":77,"column":60}},"type":"cond-expr","locations":[{"start":{"line":77,"column":39},"end":{"line":77,"column":48}},{"start":{"line":77,"column":51},"end":{"line":77,"column":60}}],"line":77},"3":{"loc":{"start":{"line":77,"column":15},"end":{"line":77,"column":36}},"type":"binary-expr","locations":[{"start":{"line":77,"column":15},"end":{"line":77,"column":24}},{"start":{"line":77,"column":28},"end":{"line":77,"column":36}}],"line":77}},"s":{"0":1,"1":2,"2":2,"3":2,"4":2,"5":2,"6":2,"7":0,"8":2,"9":0,"10":0,"11":2,"12":1,"13":0,"14":2,"15":2,"16":0,"17":0,"18":0,"19":0,"20":2,"21":0},"f":{"0":2,"1":0,"2":0,"3":1,"4":0,"5":2,"6":0,"7":0,"8":0},"b":{"0":[2],"1":[2],"2":[0,2],"3":[2,2]},"_coverageSchema":"1a1c01bbd47fc00a2c39e90264f33305004495a9","hash":"34c9aa86a495e9647b31ee62813f0b0574e2dea7"}
,"/home/ebert/Documents/Projects/github/gobarber/mobile/src/hooks/auth.tsx": {"path":"/home/ebert/Documents/Projects/github/gobarber/mobile/src/hooks/auth.tsx","statementMap":{"0":{"start":{"line":36,"column":20},"end":{"line":36,"column":73}},"1":{"start":{"line":38,"column":31},"end":{"line":103,"column":1}},"2":{"start":{"line":39,"column":26},"end":{"line":39,"column":62}},"3":{"start":{"line":40,"column":32},"end":{"line":40,"column":46}},"4":{"start":{"line":42,"column":2},"end":{"line":58,"column":9}},"5":{"start":{"line":44,"column":28},"end":{"line":47,"column":8}},"6":{"start":{"line":49,"column":6},"end":{"line":53,"column":7}},"7":{"start":{"line":50,"column":8},"end":{"line":50,"column":66}},"8":{"start":{"line":52,"column":8},"end":{"line":52,"column":64}},"9":{"start":{"line":55,"column":6},"end":{"line":55,"column":24}},"10":{"start":{"line":57,"column":4},"end":{"line":57,"column":22}},"11":{"start":{"line":60,"column":17},"end":{"line":76,"column":8}},"12":{"start":{"line":61,"column":21},"end":{"line":64,"column":6}},"13":{"start":{"line":66,"column":28},"end":{"line":66,"column":41}},"14":{"start":{"line":68,"column":4},"end":{"line":71,"column":7}},"15":{"start":{"line":73,"column":4},"end":{"line":73,"column":59}},"16":{"start":{"line":75,"column":4},"end":{"line":75,"column":29}},"17":{"start":{"line":78,"column":18},"end":{"line":82,"column":8}},"18":{"start":{"line":79,"column":4},"end":{"line":79,"column":74}},"19":{"start":{"line":81,"column":4},"end":{"line":81,"column":29}},"20":{"start":{"line":84,"column":21},"end":{"line":94,"column":3}},"21":{"start":{"line":86,"column":6},"end":{"line":86,"column":73}},"22":{"start":{"line":88,"column":6},"end":{"line":91,"column":9}},"23":{"start":{"line":96,"column":2},"end":{"line":102,"column":4}},"24":{"start":{"line":106,"column":18},"end":{"line":106,"column":41}},"25":{"start":{"line":108,"column":2},"end":{"line":110,"column":3}},"26":{"start":{"line":109,"column":4},"end":{"line":109,"column":67}},"27":{"start":{"line":112,"column":2},"end":{"line":112,"column":17}}},"fnMap":{"0":{"name":"(anonymous_0)","decl":{"start":{"line":38,"column":31},"end":{"line":38,"column":32}},"loc":{"start":{"line":38,"column":49},"end":{"line":103,"column":1}},"line":38},"1":{"name":"(anonymous_1)","decl":{"start":{"line":42,"column":12},"end":{"line":42,"column":13}},"loc":{"start":{"line":42,"column":18},"end":{"line":58,"column":3}},"line":42},"2":{"name":"loadStorageData","decl":{"start":{"line":43,"column":19},"end":{"line":43,"column":34}},"loc":{"start":{"line":43,"column":52},"end":{"line":56,"column":5}},"line":43},"3":{"name":"(anonymous_3)","decl":{"start":{"line":60,"column":29},"end":{"line":60,"column":30}},"loc":{"start":{"line":60,"column":60},"end":{"line":76,"column":3}},"line":60},"4":{"name":"(anonymous_4)","decl":{"start":{"line":78,"column":30},"end":{"line":78,"column":31}},"loc":{"start":{"line":78,"column":42},"end":{"line":82,"column":3}},"line":78},"5":{"name":"(anonymous_5)","decl":{"start":{"line":85,"column":4},"end":{"line":85,"column":5}},"loc":{"start":{"line":85,"column":26},"end":{"line":92,"column":5}},"line":85},"6":{"name":"useAuth","decl":{"start":{"line":105,"column":9},"end":{"line":105,"column":16}},"loc":{"start":{"line":105,"column":36},"end":{"line":113,"column":1}},"line":105}},"branchMap":{"0":{"loc":{"start":{"line":49,"column":6},"end":{"line":53,"column":7}},"type":"if","locations":[{"start":{"line":49,"column":6},"end":{"line":53,"column":7}},{"start":{"line":49,"column":6},"end":{"line":53,"column":7}}],"line":49},"1":{"loc":{"start":{"line":49,"column":10},"end":{"line":49,"column":29}},"type":"binary-expr","locations":[{"start":{"line":49,"column":10},"end":{"line":49,"column":18}},{"start":{"line":49,"column":22},"end":{"line":49,"column":29}}],"line":49},"2":{"loc":{"start":{"line":108,"column":2},"end":{"line":110,"column":3}},"type":"if","locations":[{"start":{"line":108,"column":2},"end":{"line":110,"column":3}},{"start":{"line":108,"column":2},"end":{"line":110,"column":3}}],"line":108}},"s":{"0":1,"1":1,"2":0,"3":0,"4":0,"5":0,"6":0,"7":0,"8":0,"9":0,"10":0,"11":0,"12":0,"13":0,"14":0,"15":0,"16":0,"17":0,"18":0,"19":0,"20":0,"21":0,"22":0,"23":0,"24":1,"25":1,"26":0,"27":1},"f":{"0":0,"1":0,"2":0,"3":0,"4":0,"5":0,"6":1},"b":{"0":[0,0],"1":[0,0],"2":[0,1]},"_coverageSchema":"1a1c01bbd47fc00a2c39e90264f33305004495a9","hash":"193a3658c796ca445726c57c1ec837634fe7f578"}
,"/home/ebert/Documents/Projects/github/gobarber/mobile/src/pages/AppointmentCreated/index.tsx": {"path":"/home/ebert/Documents/Projects/github/gobarber/mobile/src/pages/AppointmentCreated/index.tsx","statementMap":{"0":{"start":{"line":20,"column":37},"end":{"line":53,"column":1}},"1":{"start":{"line":21,"column":20},"end":{"line":21,"column":35}},"2":{"start":{"line":22,"column":21},"end":{"line":22,"column":31}},"3":{"start":{"line":24,"column":22},"end":{"line":24,"column":43}},"4":{"start":{"line":26,"column":32},"end":{"line":31,"column":13}},"5":{"start":{"line":27,"column":4},"end":{"line":30,"column":7}},"6":{"start":{"line":33,"column":24},"end":{"line":39,"column":24}},"7":{"start":{"line":34,"column":4},"end":{"line":38,"column":6}},"8":{"start":{"line":41,"column":2},"end":{"line":52,"column":4}}},"fnMap":{"0":{"name":"(anonymous_0)","decl":{"start":{"line":20,"column":37},"end":{"line":20,"column":38}},"loc":{"start":{"line":20,"column":43},"end":{"line":53,"column":1}},"line":20},"1":{"name":"(anonymous_1)","decl":{"start":{"line":26,"column":44},"end":{"line":26,"column":45}},"loc":{"start":{"line":26,"column":50},"end":{"line":31,"column":3}},"line":26},"2":{"name":"(anonymous_2)","decl":{"start":{"line":33,"column":32},"end":{"line":33,"column":33}},"loc":{"start":{"line":33,"column":38},"end":{"line":39,"column":3}},"line":33}},"branchMap":{},"s":{"0":0,"1":0,"2":0,"3":0,"4":0,"5":0,"6":0,"7":0,"8":0},"f":{"0":0,"1":0,"2":0},"b":{}}
,"/home/ebert/Documents/Projects/github/gobarber/mobile/src/pages/CreateAppointment/index.tsx": {"path":"/home/ebert/Documents/Projects/github/gobarber/mobile/src/pages/CreateAppointment/index.tsx","statementMap":{"0":{"start":{"line":53,"column":36},"end":{"line":276,"column":1}},"1":{"start":{"line":54,"column":19},"end":{"line":54,"column":28}},"2":{"start":{"line":55,"column":16},"end":{"line":55,"column":26}},"3":{"start":{"line":56,"column":22},"end":{"line":56,"column":49}},"4":{"start":{"line":57,"column":28},"end":{"line":57,"column":43}},"5":{"start":{"line":59,"column":42},"end":{"line":59,"column":74}},"6":{"start":{"line":60,"column":46},"end":{"line":60,"column":61}},"7":{"start":{"line":61,"column":42},"end":{"line":61,"column":62}},"8":{"start":{"line":62,"column":42},"end":{"line":62,"column":53}},"9":{"start":{"line":63,"column":36},"end":{"line":63,"column":60}},"10":{"start":{"line":64,"column":50},"end":{"line":66,"column":3}},"11":{"start":{"line":68,"column":2},"end":{"line":76,"column":9}},"12":{"start":{"line":70,"column":23},"end":{"line":70,"column":50}},"13":{"start":{"line":72,"column":6},"end":{"line":72,"column":34}},"14":{"start":{"line":75,"column":4},"end":{"line":75,"column":20}},"15":{"start":{"line":78,"column":2},"end":{"line":94,"column":39}},"16":{"start":{"line":80,"column":23},"end":{"line":89,"column":7}},"17":{"start":{"line":91,"column":6},"end":{"line":91,"column":37}},"18":{"start":{"line":93,"column":4},"end":{"line":93,"column":23}},"19":{"start":{"line":96,"column":23},"end":{"line":98,"column":14}},"20":{"start":{"line":97,"column":4},"end":{"line":97,"column":13}},"21":{"start":{"line":100,"column":31},"end":{"line":102,"column":8}},"22":{"start":{"line":101,"column":4},"end":{"line":101,"column":36}},"23":{"start":{"line":104,"column":29},"end":{"line":106,"column":8}},"24":{"start":{"line":105,"column":4},"end":{"line":105,"column":39}},"25":{"start":{"line":105,"column":31},"end":{"line":105,"column":37}},"26":{"start":{"line":108,"column":27},"end":{"line":116,"column":8}},"27":{"start":{"line":109,"column":4},"end":{"line":111,"column":5}},"28":{"start":{"line":110,"column":6},"end":{"line":110,"column":31}},"29":{"start":{"line":113,"column":4},"end":{"line":115,"column":5}},"30":{"start":{"line":114,"column":6},"end":{"line":114,"column":28}},"31":{"start":{"line":118,"column":30},"end":{"line":128,"column":20}},"32":{"start":{"line":119,"column":4},"end":{"line":127,"column":9}},"33":{"start":{"line":120,"column":28},"end":{"line":120,"column":37}},"34":{"start":{"line":122,"column":8},"end":{"line":126,"column":10}},"35":{"start":{"line":130,"column":32},"end":{"line":140,"column":20}},"36":{"start":{"line":131,"column":4},"end":{"line":139,"column":9}},"37":{"start":{"line":132,"column":28},"end":{"line":132,"column":38}},"38":{"start":{"line":134,"column":8},"end":{"line":138,"column":10}},"39":{"start":{"line":142,"column":27},"end":{"line":144,"column":8}},"40":{"start":{"line":143,"column":4},"end":{"line":143,"column":26}},"41":{"start":{"line":146,"column":34},"end":{"line":170,"column":59}},"42":{"start":{"line":147,"column":4},"end":{"line":169,"column":5}},"43":{"start":{"line":148,"column":19},"end":{"line":148,"column":41}},"44":{"start":{"line":150,"column":6},"end":{"line":150,"column":34}},"45":{"start":{"line":151,"column":6},"end":{"line":151,"column":25}},"46":{"start":{"line":153,"column":6},"end":{"line":156,"column":9}},"47":{"start":{"line":158,"column":6},"end":{"line":163,"column":9}},"48":{"start":{"line":165,"column":6},"end":{"line":168,"column":8}},"49":{"start":{"line":172,"column":2},"end":{"line":275,"column":4}},"50":{"start":{"line":190,"column":38},"end":{"line":190,"column":49}},"51":{"start":{"line":192,"column":14},"end":{"line":200,"column":34}},"52":{"start":{"line":194,"column":31},"end":{"line":194,"column":64}},"53":{"start":{"line":232,"column":16},"end":{"line":242,"column":23}},"54":{"start":{"line":237,"column":33},"end":{"line":237,"column":55}},"55":{"start":{"line":253,"column":18},"end":{"line":263,"column":25}},"56":{"start":{"line":258,"column":35},"end":{"line":258,"column":57}}},"fnMap":{"0":{"name":"(anonymous_0)","decl":{"start":{"line":53,"column":36},"end":{"line":53,"column":37}},"loc":{"start":{"line":53,"column":42},"end":{"line":276,"column":1}},"line":53},"1":{"name":"(anonymous_1)","decl":{"start":{"line":68,"column":12},"end":{"line":68,"column":13}},"loc":{"start":{"line":68,"column":18},"end":{"line":76,"column":3}},"line":68},"2":{"name":"loadProviders","decl":{"start":{"line":69,"column":19},"end":{"line":69,"column":32}},"loc":{"start":{"line":69,"column":35},"end":{"line":73,"column":5}},"line":69},"3":{"name":"(anonymous_3)","decl":{"start":{"line":78,"column":12},"end":{"line":78,"column":13}},"loc":{"start":{"line":78,"column":18},"end":{"line":94,"column":3}},"line":78},"4":{"name":"loadAvailability","decl":{"start":{"line":79,"column":19},"end":{"line":79,"column":35}},"loc":{"start":{"line":79,"column":38},"end":{"line":92,"column":5}},"line":79},"5":{"name":"(anonymous_5)","decl":{"start":{"line":96,"column":35},"end":{"line":96,"column":36}},"loc":{"start":{"line":96,"column":41},"end":{"line":98,"column":3}},"line":96},"6":{"name":"(anonymous_6)","decl":{"start":{"line":100,"column":43},"end":{"line":100,"column":44}},"loc":{"start":{"line":100,"column":67},"end":{"line":102,"column":3}},"line":100},"7":{"name":"(anonymous_7)","decl":{"start":{"line":104,"column":41},"end":{"line":104,"column":42}},"loc":{"start":{"line":104,"column":47},"end":{"line":106,"column":3}},"line":104},"8":{"name":"(anonymous_8)","decl":{"start":{"line":105,"column":22},"end":{"line":105,"column":23}},"loc":{"start":{"line":105,"column":31},"end":{"line":105,"column":37}},"line":105},"9":{"name":"(anonymous_9)","decl":{"start":{"line":108,"column":39},"end":{"line":108,"column":40}},"loc":{"start":{"line":108,"column":79},"end":{"line":116,"column":3}},"line":108},"10":{"name":"(anonymous_10)","decl":{"start":{"line":118,"column":38},"end":{"line":118,"column":39}},"loc":{"start":{"line":118,"column":44},"end":{"line":128,"column":3}},"line":118},"11":{"name":"(anonymous_11)","decl":{"start":{"line":120,"column":14},"end":{"line":120,"column":15}},"loc":{"start":{"line":120,"column":28},"end":{"line":120,"column":37}},"line":120},"12":{"name":"(anonymous_12)","decl":{"start":{"line":121,"column":11},"end":{"line":121,"column":12}},"loc":{"start":{"line":121,"column":36},"end":{"line":127,"column":7}},"line":121},"13":{"name":"(anonymous_13)","decl":{"start":{"line":130,"column":40},"end":{"line":130,"column":41}},"loc":{"start":{"line":130,"column":46},"end":{"line":140,"column":3}},"line":130},"14":{"name":"(anonymous_14)","decl":{"start":{"line":132,"column":14},"end":{"line":132,"column":15}},"loc":{"start":{"line":132,"column":28},"end":{"line":132,"column":38}},"line":132},"15":{"name":"(anonymous_15)","decl":{"start":{"line":133,"column":11},"end":{"line":133,"column":12}},"loc":{"start":{"line":133,"column":36},"end":{"line":139,"column":7}},"line":133},"16":{"name":"(anonymous_16)","decl":{"start":{"line":142,"column":39},"end":{"line":142,"column":40}},"loc":{"start":{"line":142,"column":57},"end":{"line":144,"column":3}},"line":142},"17":{"name":"(anonymous_17)","decl":{"start":{"line":146,"column":46},"end":{"line":146,"column":47}},"loc":{"start":{"line":146,"column":58},"end":{"line":170,"column":3}},"line":146},"18":{"name":"(anonymous_18)","decl":{"start":{"line":190,"column":26},"end":{"line":190,"column":27}},"loc":{"start":{"line":190,"column":38},"end":{"line":190,"column":49}},"line":190},"19":{"name":"(anonymous_19)","decl":{"start":{"line":191,"column":24},"end":{"line":191,"column":25}},"loc":{"start":{"line":192,"column":14},"end":{"line":200,"column":34}},"line":192},"20":{"name":"(anonymous_20)","decl":{"start":{"line":194,"column":25},"end":{"line":194,"column":26}},"loc":{"start":{"line":194,"column":31},"end":{"line":194,"column":64}},"line":194},"21":{"name":"(anonymous_21)","decl":{"start":{"line":231,"column":39},"end":{"line":231,"column":40}},"loc":{"start":{"line":232,"column":16},"end":{"line":242,"column":23}},"line":232},"22":{"name":"(anonymous_22)","decl":{"start":{"line":237,"column":27},"end":{"line":237,"column":28}},"loc":{"start":{"line":237,"column":33},"end":{"line":237,"column":55}},"line":237},"23":{"name":"(anonymous_23)","decl":{"start":{"line":252,"column":16},"end":{"line":252,"column":17}},"loc":{"start":{"line":253,"column":18},"end":{"line":263,"column":25}},"line":253},"24":{"name":"(anonymous_24)","decl":{"start":{"line":258,"column":29},"end":{"line":258,"column":30}},"loc":{"start":{"line":258,"column":35},"end":{"line":258,"column":57}},"line":258}},"branchMap":{"0":{"loc":{"start":{"line":109,"column":4},"end":{"line":111,"column":5}},"type":"if","locations":[{"start":{"line":109,"column":4},"end":{"line":111,"column":5}},{"start":{"line":109,"column":4},"end":{"line":111,"column":5}}],"line":109},"1":{"loc":{"start":{"line":113,"column":4},"end":{"line":115,"column":5}},"type":"if","locations":[{"start":{"line":113,"column":4},"end":{"line":115,"column":5}},{"start":{"line":113,"column":4},"end":{"line":115,"column":5}}],"line":113},"2":{"loc":{"start":{"line":214,"column":11},"end":{"line":221,"column":11}},"type":"binary-expr","locations":[{"start":{"line":214,"column":11},"end":{"line":214,"column":25}},{"start":{"line":215,"column":12},"end":{"line":220,"column":14}}],"line":214}},"s":{"0":0,"1":0,"2":0,"3":0,"4":0,"5":0,"6":0,"7":0,"8":0,"9":0,"10":0,"11":0,"12":0,"13":0,"14":0,"15":0,"16":0,"17":0,"18":0,"19":0,"20":0,"21":0,"22":0,"23":0,"24":0,"25":0,"26":0,"27":0,"28":0,"29":0,"30":0,"31":0,"32":0,"33":0,"34":0,"35":0,"36":0,"37":0,"38":0,"39":0,"40":0,"41":0,"42":0,"43":0,"44":0,"45":0,"46":0,"47":0,"48":0,"49":0,"50":0,"51":0,"52":0,"53":0,"54":0,"55":0,"56":0},"f":{"0":0,"1":0,"2":0,"3":0,"4":0,"5":0,"6":0,"7":0,"8":0,"9":0,"10":0,"11":0,"12":0,"13":0,"14":0,"15":0,"16":0,"17":0,"18":0,"19":0,"20":0,"21":0,"22":0,"23":0,"24":0},"b":{"0":[0,0],"1":[0,0],"2":[0,0]}}
,"/home/ebert/Documents/Projects/github/gobarber/mobile/src/pages/Dashboard/index.tsx": {"path":"/home/ebert/Documents/Projects/github/gobarber/mobile/src/pages/Dashboard/index.tsx","statementMap":{"0":{"start":{"line":31,"column":28},"end":{"line":102,"column":1}},"1":{"start":{"line":32,"column":36},"end":{"line":32,"column":60}},"2":{"start":{"line":34,"column":19},"end":{"line":34,"column":28}},"3":{"start":{"line":35,"column":23},"end":{"line":35,"column":38}},"4":{"start":{"line":37,"column":2},"end":{"line":45,"column":9}},"5":{"start":{"line":39,"column":23},"end":{"line":39,"column":50}},"6":{"start":{"line":41,"column":6},"end":{"line":41,"column":34}},"7":{"start":{"line":44,"column":4},"end":{"line":44,"column":20}},"8":{"start":{"line":47,"column":28},"end":{"line":49,"column":8}},"9":{"start":{"line":48,"column":4},"end":{"line":48,"column":24}},"10":{"start":{"line":51,"column":38},"end":{"line":56,"column":3}},"11":{"start":{"line":53,"column":6},"end":{"line":53,"column":52}},"12":{"start":{"line":58,"column":2},"end":{"line":101,"column":4}},"13":{"start":{"line":74,"column":34},"end":{"line":74,"column":45}},"14":{"start":{"line":79,"column":10},"end":{"line":97,"column":30}},"15":{"start":{"line":80,"column":27},"end":{"line":80,"column":67}}},"fnMap":{"0":{"name":"(anonymous_0)","decl":{"start":{"line":31,"column":28},"end":{"line":31,"column":29}},"loc":{"start":{"line":31,"column":34},"end":{"line":102,"column":1}},"line":31},"1":{"name":"(anonymous_1)","decl":{"start":{"line":37,"column":12},"end":{"line":37,"column":13}},"loc":{"start":{"line":37,"column":18},"end":{"line":45,"column":3}},"line":37},"2":{"name":"loadProviders","decl":{"start":{"line":38,"column":19},"end":{"line":38,"column":32}},"loc":{"start":{"line":38,"column":35},"end":{"line":42,"column":5}},"line":38},"3":{"name":"(anonymous_3)","decl":{"start":{"line":47,"column":40},"end":{"line":47,"column":41}},"loc":{"start":{"line":47,"column":46},"end":{"line":49,"column":3}},"line":47},"4":{"name":"(anonymous_4)","decl":{"start":{"line":52,"column":4},"end":{"line":52,"column":5}},"loc":{"start":{"line":52,"column":28},"end":{"line":54,"column":5}},"line":52},"5":{"name":"(anonymous_5)","decl":{"start":{"line":74,"column":22},"end":{"line":74,"column":23}},"loc":{"start":{"line":74,"column":34},"end":{"line":74,"column":45}},"line":74},"6":{"name":"(anonymous_6)","decl":{"start":{"line":78,"column":20},"end":{"line":78,"column":21}},"loc":{"start":{"line":79,"column":10},"end":{"line":97,"column":30}},"line":79},"7":{"name":"(anonymous_7)","decl":{"start":{"line":80,"column":21},"end":{"line":80,"column":22}},"loc":{"start":{"line":80,"column":27},"end":{"line":80,"column":67}},"line":80}},"branchMap":{},"s":{"0":0,"1":0,"2":0,"3":0,"4":0,"5":0,"6":0,"7":0,"8":0,"9":0,"10":0,"11":0,"12":0,"13":0,"14":0,"15":0},"f":{"0":0,"1":0,"2":0,"3":0,"4":0,"5":0,"6":0,"7":0},"b":{}}
,"/home/ebert/Documents/Projects/github/gobarber/mobile/src/pages/Profile/index.tsx": {"path":"/home/ebert/Documents/Projects/github/gobarber/mobile/src/pages/Profile/index.tsx","statementMap":{"0":{"start":{"line":41,"column":25},"end":{"line":255,"column":1}},"1":{"start":{"line":42,"column":31},"end":{"line":42,"column":40}},"2":{"start":{"line":44,"column":18},"end":{"line":44,"column":43}},"3":{"start":{"line":45,"column":30},"end":{"line":45,"column":53}},"4":{"start":{"line":46,"column":34},"end":{"line":46,"column":57}},"5":{"start":{"line":47,"column":27},"end":{"line":47,"column":50}},"6":{"start":{"line":48,"column":24},"end":{"line":48,"column":47}},"7":{"start":{"line":50,"column":21},"end":{"line":50,"column":36}},"8":{"start":{"line":52,"column":23},"end":{"line":124,"column":3}},"9":{"start":{"line":54,"column":6},"end":{"line":121,"column":7}},"10":{"start":{"line":55,"column":8},"end":{"line":55,"column":39}},"11":{"start":{"line":57,"column":23},"end":{"line":75,"column":10}},"12":{"start":{"line":64,"column":23},"end":{"line":64,"column":35}},"13":{"start":{"line":70,"column":25},"end":{"line":70,"column":37}},"14":{"start":{"line":77,"column":8},"end":{"line":79,"column":11}},"15":{"start":{"line":87,"column":12},"end":{"line":87,"column":16}},"16":{"start":{"line":89,"column":25},"end":{"line":97,"column":9}},"17":{"start":{"line":99,"column":25},"end":{"line":99,"column":60}},"18":{"start":{"line":100,"column":8},"end":{"line":100,"column":34}},"19":{"start":{"line":102,"column":8},"end":{"line":105,"column":10}},"20":{"start":{"line":107,"column":8},"end":{"line":107,"column":28}},"21":{"start":{"line":109,"column":8},"end":{"line":115,"column":9}},"22":{"start":{"line":110,"column":25},"end":{"line":110,"column":49}},"23":{"start":{"line":112,"column":10},"end":{"line":112,"column":45}},"24":{"start":{"line":114,"column":10},"end":{"line":114,"column":17}},"25":{"start":{"line":117,"column":8},"end":{"line":120,"column":10}},"26":{"start":{"line":126,"column":29},"end":{"line":157,"column":27}},"27":{"start":{"line":127,"column":4},"end":{"line":156,"column":6}},"28":{"start":{"line":135,"column":8},"end":{"line":137,"column":9}},"29":{"start":{"line":136,"column":10},"end":{"line":136,"column":17}},"30":{"start":{"line":139,"column":8},"end":{"line":142,"column":9}},"31":{"start":{"line":140,"column":10},"end":{"line":140,"column":54}},"32":{"start":{"line":141,"column":10},"end":{"line":141,"column":17}},"33":{"start":{"line":144,"column":21},"end":{"line":144,"column":35}},"34":{"start":{"line":146,"column":8},"end":{"line":150,"column":11}},"35":{"start":{"line":152,"column":8},"end":{"line":154,"column":11}},"36":{"start":{"line":153,"column":10},"end":{"line":153,"column":39}},"37":{"start":{"line":159,"column":23},"end":{"line":161,"column":18}},"38":{"start":{"line":160,"column":4},"end":{"line":160,"column":24}},"39":{"start":{"line":163,"column":2},"end":{"line":254,"column":4}},"40":{"start":{"line":195,"column":18},"end":{"line":195,"column":49}},"41":{"start":{"line":208,"column":18},"end":{"line":208,"column":55}},"42":{"start":{"line":221,"column":39},"end":{"line":221,"column":72}},"43":{"start":{"line":232,"column":39},"end":{"line":232,"column":79}},"44":{"start":{"line":243,"column":39},"end":{"line":243,"column":68}},"45":{"start":{"line":246,"column":37},"end":{"line":246,"column":66}}},"fnMap":{"0":{"name":"(anonymous_0)","decl":{"start":{"line":41,"column":25},"end":{"line":41,"column":26}},"loc":{"start":{"line":41,"column":31},"end":{"line":255,"column":1}},"line":41},"1":{"name":"(anonymous_1)","decl":{"start":{"line":53,"column":4},"end":{"line":53,"column":5}},"loc":{"start":{"line":53,"column":37},"end":{"line":122,"column":5}},"line":53},"2":{"name":"(anonymous_2)","decl":{"start":{"line":64,"column":16},"end":{"line":64,"column":17}},"loc":{"start":{"line":64,"column":23},"end":{"line":64,"column":35}},"line":64},"3":{"name":"(anonymous_3)","decl":{"start":{"line":70,"column":18},"end":{"line":70,"column":19}},"loc":{"start":{"line":70,"column":25},"end":{"line":70,"column":37}},"line":70},"4":{"name":"(anonymous_4)","decl":{"start":{"line":126,"column":41},"end":{"line":126,"column":42}},"loc":{"start":{"line":126,"column":53},"end":{"line":157,"column":3}},"line":126},"5":{"name":"(anonymous_5)","decl":{"start":{"line":134,"column":6},"end":{"line":134,"column":7}},"loc":{"start":{"line":134,"column":18},"end":{"line":155,"column":7}},"line":134},"6":{"name":"(anonymous_6)","decl":{"start":{"line":152,"column":46},"end":{"line":152,"column":47}},"loc":{"start":{"line":152,"column":61},"end":{"line":154,"column":9}},"line":152},"7":{"name":"(anonymous_7)","decl":{"start":{"line":159,"column":35},"end":{"line":159,"column":36}},"loc":{"start":{"line":159,"column":41},"end":{"line":161,"column":3}},"line":159},"8":{"name":"(anonymous_8)","decl":{"start":{"line":194,"column":33},"end":{"line":194,"column":34}},"loc":{"start":{"line":194,"column":39},"end":{"line":196,"column":17}},"line":194},"9":{"name":"(anonymous_9)","decl":{"start":{"line":207,"column":33},"end":{"line":207,"column":34}},"loc":{"start":{"line":207,"column":39},"end":{"line":209,"column":17}},"line":207},"10":{"name":"(anonymous_10)","decl":{"start":{"line":221,"column":33},"end":{"line":221,"column":34}},"loc":{"start":{"line":221,"column":39},"end":{"line":221,"column":72}},"line":221},"11":{"name":"(anonymous_11)","decl":{"start":{"line":232,"column":33},"end":{"line":232,"column":34}},"loc":{"start":{"line":232,"column":39},"end":{"line":232,"column":79}},"line":232},"12":{"name":"(anonymous_12)","decl":{"start":{"line":243,"column":33},"end":{"line":243,"column":34}},"loc":{"start":{"line":243,"column":39},"end":{"line":243,"column":68}},"line":243},"13":{"name":"(anonymous_13)","decl":{"start":{"line":246,"column":31},"end":{"line":246,"column":32}},"loc":{"start":{"line":246,"column":37},"end":{"line":246,"column":66}},"line":246}},"branchMap":{"0":{"loc":{"start":{"line":92,"column":14},"end":{"line":96,"column":11}},"type":"binary-expr","locations":[{"start":{"line":92,"column":14},"end":{"line":92,"column":26}},{"start":{"line":92,"column":30},"end":{"line":96,"column":11}}],"line":92},"1":{"loc":{"start":{"line":109,"column":8},"end":{"line":115,"column":9}},"type":"if","locations":[{"start":{"line":109,"column":8},"end":{"line":115,"column":9}},{"start":{"line":109,"column":8},"end":{"line":115,"column":9}}],"line":109},"2":{"loc":{"start":{"line":135,"column":8},"end":{"line":137,"column":9}},"type":"if","locations":[{"start":{"line":135,"column":8},"end":{"line":137,"column":9}},{"start":{"line":135,"column":8},"end":{"line":137,"column":9}}],"line":135},"3":{"loc":{"start":{"line":139,"column":8},"end":{"line":142,"column":9}},"type":"if","locations":[{"start":{"line":139,"column":8},"end":{"line":142,"column":9}},{"start":{"line":139,"column":8},"end":{"line":142,"column":9}}],"line":139},"4":{"loc":{"start":{"line":167,"column":18},"end":{"line":167,"column":63}},"type":"cond-expr","locations":[{"start":{"line":167,"column":42},"end":{"line":167,"column":51}},{"start":{"line":167,"column":54},"end":{"line":167,"column":63}}],"line":167}},"s":{"0":0,"1":0,"2":0,"3":0,"4":0,"5":0,"6":0,"7":0,"8":0,"9":0,"10":0,"11":0,"12":0,"13":0,"14":0,"15":0,"16":0,"17":0,"18":0,"19":0,"20":0,"21":0,"22":0,"23":0,"24":0,"25":0,"26":0,"27":0,"28":0,"29":0,"30":0,"31":0,"32":0,"33":0,"34":0,"35":0,"36":0,"37":0,"38":0,"39":0,"40":0,"41":0,"42":0,"43":0,"44":0,"45":0},"f":{"0":0,"1":0,"2":0,"3":0,"4":0,"5":0,"6":0,"7":0,"8":0,"9":0,"10":0,"11":0,"12":0,"13":0},"b":{"0":[0,0],"1":[0,0],"2":[0,0],"3":[0,0],"4":[0,0]}}
,"/home/ebert/Documents/Projects/github/gobarber/mobile/src/pages/SignIn/index.tsx": {"path":"/home/ebert/Documents/Projects/github/gobarber/mobile/src/pages/SignIn/index.tsx","statementMap":{"0":{"start":{"line":40,"column":25},"end":{"line":142,"column":1}},"1":{"start":{"line":41,"column":18},"end":{"line":41,"column":43}},"2":{"start":{"line":42,"column":27},"end":{"line":42,"column":50}},"3":{"start":{"line":43,"column":21},"end":{"line":43,"column":36}},"4":{"start":{"line":45,"column":21},"end":{"line":45,"column":30}},"5":{"start":{"line":47,"column":23},"end":{"line":83,"column":3}},"6":{"start":{"line":49,"column":6},"end":{"line":80,"column":7}},"7":{"start":{"line":50,"column":8},"end":{"line":50,"column":39}},"8":{"start":{"line":52,"column":23},"end":{"line":57,"column":10}},"9":{"start":{"line":59,"column":8},"end":{"line":61,"column":11}},"10":{"start":{"line":63,"column":8},"end":{"line":66,"column":11}},"11":{"start":{"line":68,"column":8},"end":{"line":74,"column":9}},"12":{"start":{"line":69,"column":25},"end":{"line":69,"column":49}},"13":{"start":{"line":71,"column":10},"end":{"line":71,"column":45}},"14":{"start":{"line":73,"column":10},"end":{"line":73,"column":17}},"15":{"start":{"line":76,"column":8},"end":{"line":79,"column":10}},"16":{"start":{"line":84,"column":2},"end":{"line":141,"column":4}},"17":{"start":{"line":111,"column":18},"end":{"line":111,"column":52}},"18":{"start":{"line":121,"column":39},"end":{"line":121,"column":68}},"19":{"start":{"line":124,"column":37},"end":{"line":124,"column":66}},"20":{"start":{"line":136,"column":42},"end":{"line":136,"column":71}}},"fnMap":{"0":{"name":"(anonymous_0)","decl":{"start":{"line":40,"column":25},"end":{"line":40,"column":26}},"loc":{"start":{"line":40,"column":31},"end":{"line":142,"column":1}},"line":40},"1":{"name":"(anonymous_1)","decl":{"start":{"line":48,"column":4},"end":{"line":48,"column":5}},"loc":{"start":{"line":48,"column":36},"end":{"line":81,"column":5}},"line":48},"2":{"name":"(anonymous_2)","decl":{"start":{"line":110,"column":33},"end":{"line":110,"column":34}},"loc":{"start":{"line":110,"column":39},"end":{"line":112,"column":17}},"line":110},"3":{"name":"(anonymous_3)","decl":{"start":{"line":121,"column":33},"end":{"line":121,"column":34}},"loc":{"start":{"line":121,"column":39},"end":{"line":121,"column":68}},"line":121},"4":{"name":"(anonymous_4)","decl":{"start":{"line":124,"column":31},"end":{"line":124,"column":32}},"loc":{"start":{"line":124,"column":37},"end":{"line":124,"column":66}},"line":124},"5":{"name":"(anonymous_5)","decl":{"start":{"line":136,"column":36},"end":{"line":136,"column":37}},"loc":{"start":{"line":136,"column":42},"end":{"line":136,"column":71}},"line":136}},"branchMap":{"0":{"loc":{"start":{"line":68,"column":8},"end":{"line":74,"column":9}},"type":"if","locations":[{"start":{"line":68,"column":8},"end":{"line":74,"column":9}},{"start":{"line":68,"column":8},"end":{"line":74,"column":9}}],"line":68},"1":{"loc":{"start":{"line":88,"column":18},"end":{"line":88,"column":63}},"type":"cond-expr","locations":[{"start":{"line":88,"column":42},"end":{"line":88,"column":51}},{"start":{"line":88,"column":54},"end":{"line":88,"column":63}}],"line":88}},"s":{"0":1,"1":1,"2":1,"3":1,"4":1,"5":1,"6":0,"7":0,"8":0,"9":0,"10":0,"11":0,"12":0,"13":0,"14":0,"15":0,"16":1,"17":0,"18":0,"19":0,"20":0},"f":{"0":1,"1":0,"2":0,"3":0,"4":0,"5":0},"b":{"0":[0,0],"1":[1,0]},"_coverageSchema":"1a1c01bbd47fc00a2c39e90264f33305004495a9","hash":"31f41d5c110124592f680cf420af5ce4ba41d8c4"}
,"/home/ebert/Documents/Projects/github/gobarber/mobile/src/pages/SignUp/index.tsx": {"path":"/home/ebert/Documents/Projects/github/gobarber/mobile/src/pages/SignUp/index.tsx","statementMap":{"0":{"start":{"line":34,"column":25},"end":{"line":155,"column":1}},"1":{"start":{"line":35,"column":18},"end":{"line":35,"column":43}},"2":{"start":{"line":36,"column":27},"end":{"line":36,"column":50}},"3":{"start":{"line":37,"column":24},"end":{"line":37,"column":47}},"4":{"start":{"line":39,"column":21},"end":{"line":39,"column":36}},"5":{"start":{"line":41,"column":23},"end":{"line":85,"column":3}},"6":{"start":{"line":43,"column":6},"end":{"line":82,"column":7}},"7":{"start":{"line":44,"column":8},"end":{"line":44,"column":39}},"8":{"start":{"line":46,"column":23},"end":{"line":55,"column":10}},"9":{"start":{"line":57,"column":8},"end":{"line":59,"column":11}},"10":{"start":{"line":61,"column":8},"end":{"line":61,"column":39}},"11":{"start":{"line":63,"column":8},"end":{"line":66,"column":10}},"12":{"start":{"line":68,"column":8},"end":{"line":68,"column":28}},"13":{"start":{"line":70,"column":8},"end":{"line":76,"column":9}},"14":{"start":{"line":71,"column":25},"end":{"line":71,"column":49}},"15":{"start":{"line":73,"column":10},"end":{"line":73,"column":45}},"16":{"start":{"line":75,"column":10},"end":{"line":75,"column":17}},"17":{"start":{"line":78,"column":8},"end":{"line":81,"column":10}},"18":{"start":{"line":87,"column":2},"end":{"line":154,"column":4}},"19":{"start":{"line":113,"column":18},"end":{"line":113,"column":49}},"20":{"start":{"line":126,"column":18},"end":{"line":126,"column":52}},"21":{"start":{"line":138,"column":39},"end":{"line":138,"column":68}},"22":{"start":{"line":141,"column":37},"end":{"line":141,"column":66}},"23":{"start":{"line":149,"column":35},"end":{"line":149,"column":64}}},"fnMap":{"0":{"name":"(anonymous_0)","decl":{"start":{"line":34,"column":25},"end":{"line":34,"column":26}},"loc":{"start":{"line":34,"column":31},"end":{"line":155,"column":1}},"line":34},"1":{"name":"(anonymous_1)","decl":{"start":{"line":42,"column":4},"end":{"line":42,"column":5}},"loc":{"start":{"line":42,"column":36},"end":{"line":83,"column":5}},"line":42},"2":{"name":"(anonymous_2)","decl":{"start":{"line":112,"column":33},"end":{"line":112,"column":34}},"loc":{"start":{"line":112,"column":39},"end":{"line":114,"column":17}},"line":112},"3":{"name":"(anonymous_3)","decl":{"start":{"line":125,"column":33},"end":{"line":125,"column":34}},"loc":{"start":{"line":125,"column":39},"end":{"line":127,"column":17}},"line":125},"4":{"name":"(anonymous_4)","decl":{"start":{"line":138,"column":33},"end":{"line":138,"column":34}},"loc":{"start":{"line":138,"column":39},"end":{"line":138,"column":68}},"line":138},"5":{"name":"(anonymous_5)","decl":{"start":{"line":141,"column":31},"end":{"line":141,"column":32}},"loc":{"start":{"line":141,"column":37},"end":{"line":141,"column":66}},"line":141},"6":{"name":"(anonymous_6)","decl":{"start":{"line":149,"column":29},"end":{"line":149,"column":30}},"loc":{"start":{"line":149,"column":35},"end":{"line":149,"column":64}},"line":149}},"branchMap":{"0":{"loc":{"start":{"line":70,"column":8},"end":{"line":76,"column":9}},"type":"if","locations":[{"start":{"line":70,"column":8},"end":{"line":76,"column":9}},{"start":{"line":70,"column":8},"end":{"line":76,"column":9}}],"line":70},"1":{"loc":{"start":{"line":91,"column":18},"end":{"line":91,"column":63}},"type":"cond-expr","locations":[{"start":{"line":91,"column":42},"end":{"line":91,"column":51}},{"start":{"line":91,"column":54},"end":{"line":91,"column":63}}],"line":91}},"s":{"0":0,"1":0,"2":0,"3":0,"4":0,"5":0,"6":0,"7":0,"8":0,"9":0,"10":0,"11":0,"12":0,"13":0,"14":0,"15":0,"16":0,"17":0,"18":0,"19":0,"20":0,"21":0,"22":0,"23":0},"f":{"0":0,"1":0,"2":0,"3":0,"4":0,"5":0,"6":0},"b":{"0":[0,0],"1":[0,0]}}
}
